0 info it worked if it ends with ok
1 verbose cli [ '/usr/bin/node', '/usr/bin/npm', 'publish' ]
2 info using npm@3.5.2
3 info using node@v8.10.0
4 verbose publish [ '.' ]
5 silly cache add args [ '.', null ]
6 verbose cache add spec .
7 silly cache add parsed spec Result {
7 silly cache add   raw: '.',
7 silly cache add   scope: null,
7 silly cache add   name: null,
7 silly cache add   rawSpec: '.',
7 silly cache add   spec: '/home/rgb/dev/projects/files-manager',
7 silly cache add   type: 'directory' }
8 verbose addLocalDirectory /home/rgb/.npm/files-manager/1.0.0/package.tgz not in flight; packing
9 info lifecycle files-manager@1.0.0~prepublish: files-manager@1.0.0
10 silly lifecycle files-manager@1.0.0~prepublish: no script for prepublish, continuing
11 verbose tar pack [ '/home/rgb/.npm/files-manager/1.0.0/package.tgz',
11 verbose tar pack   '/home/rgb/dev/projects/files-manager' ]
12 verbose tarball /home/rgb/.npm/files-manager/1.0.0/package.tgz
13 verbose folder /home/rgb/dev/projects/files-manager
14 verbose addLocalTarball adding from inside cache /home/rgb/.npm/files-manager/1.0.0/package.tgz
15 silly cache afterAdd files-manager@1.0.0
16 verbose afterAdd /home/rgb/.npm/files-manager/1.0.0/package/package.json not in flight; writing
17 verbose afterAdd /home/rgb/.npm/files-manager/1.0.0/package/package.json written
18 silly publish { name: 'files-manager',
18 silly publish   version: '1.0.0',
18 silly publish   description: 'Files manager module for easy files managemente in a NodeJS project',
18 silly publish   main: 'index.js',
18 silly publish   scripts: { test: 'echo "Error: no test specified" && exit 1' },
18 silly publish   homepage: 'https://github.com/gomezbl/files-manager',
18 silly publish   repository:
18 silly publish    { type: 'git',
18 silly publish      url: 'git+https://github.com/gomezbl/files-manager.git' },
18 silly publish   author:
18 silly publish    { name: 'Rafael Gómez Blanes',
18 silly publish      email: 'gomezbl@gmail.com',
18 silly publish      url: 'https://www.rafablanes.com' },
18 silly publish   license: 'For non-commercial use. For commercial use, please contact.',
18 silly publish   devDependencies: { chai: '^4.2.0' },
18 silly publish   dependencies: { 'fs-extra': '^8.1.0', uuid: '^3.3.3' },
18 silly publish   readme: '# files-manager\n',
18 silly publish   readmeFilename: 'README.md',
18 silly publish   gitHead: 'ee1e8d32fde1e969c875c20b3c4dfb36d51a5874',
18 silly publish   bugs: { url: 'https://github.com/gomezbl/files-manager/issues' },
18 silly publish   _id: 'files-manager@1.0.0',
18 silly publish   _shasum: '116502538dcd51cd8af3185200ed119894841690',
18 silly publish   _from: '.' }
19 verbose getPublishConfig undefined
20 silly mapToRegistry name files-manager
21 silly mapToRegistry using default registry
22 silly mapToRegistry registry https://registry.npmjs.org/
23 silly mapToRegistry uri https://registry.npmjs.org/files-manager
24 verbose publish registryBase https://registry.npmjs.org/
25 silly publish uploading /home/rgb/.npm/files-manager/1.0.0/package.tgz
26 verbose request uri https://registry.npmjs.org/files-manager
27 verbose request sending authorization for write operation
28 info attempt registry request try #1 at 11:47:58 AM
29 verbose request using bearer token for auth
30 verbose request id fecfe8cf9c47d9e2
31 http request PUT https://registry.npmjs.org/files-manager
32 http 403 https://registry.npmjs.org/files-manager
33 verbose headers { date: 'Mon, 14 Oct 2019 09:47:58 GMT',
33 verbose headers   'content-type': 'application/json',
33 verbose headers   'transfer-encoding': 'chunked',
33 verbose headers   connection: 'keep-alive',
33 verbose headers   'set-cookie':
33 verbose headers    [ '__cfduid=d8f9937e742890a72a55acf1e7bb0bbd71571046478; expires=Tue, 13-Oct-20 09:47:58 GMT; path=/; domain=.npmjs.org; HttpOnly' ],
33 verbose headers   'cf-cache-status': 'DYNAMIC',
33 verbose headers   'cf-ray': '5258a2895a552f45-MAD',
33 verbose headers   'expect-ct': 'max-age=604800, report-uri="https://report-uri.cloudflare.com/cdn-cgi/beacon/expect-ct"',
33 verbose headers   vary: 'Accept-Encoding',
33 verbose headers   server: 'cloudflare',
33 verbose headers   'content-encoding': 'gzip' }
34 verbose request invalidating /home/rgb/.npm/registry.npmjs.org/files-manager on PUT
35 error publish Failed PUT 403
36 verbose stack Error: You do not have permission to publish "files-manager". Are you logged in as the correct user? : files-manager
36 verbose stack     at makeError (/usr/share/npm/node_modules/npm-registry-client/lib/request.js:264:12)
36 verbose stack     at CachingRegistryClient.<anonymous> (/usr/share/npm/node_modules/npm-registry-client/lib/request.js:252:14)
36 verbose stack     at /usr/share/npm/node_modules/npm-registry-client/lib/request.js:178:7
36 verbose stack     at Gunzip.onEnd (zlib.js:131:5)
36 verbose stack     at emitNone (events.js:111:20)
36 verbose stack     at Gunzip.emit (events.js:208:7)
36 verbose stack     at endReadableNT (_stream_readable.js:1064:12)
36 verbose stack     at _combinedTickCallback (internal/process/next_tick.js:138:11)
36 verbose stack     at process._tickCallback (internal/process/next_tick.js:180:9)
37 verbose statusCode 403
38 verbose pkgid files-manager
39 verbose cwd /home/rgb/dev/projects/files-manager
40 error Linux 5.0.0-31-generic
41 error argv "/usr/bin/node" "/usr/bin/npm" "publish"
42 error node v8.10.0
43 error npm  v3.5.2
44 error code E403
45 error You do not have permission to publish "files-manager". Are you logged in as the correct user? : files-manager
46 error If you need help, you may report this error at:
46 error     <https://github.com/npm/npm/issues>
47 verbose exit [ 1, true ]
